yarn workspace v1.22.19
yarn run v1.22.19
$ next start
   ▲ Next.js 15.2.3
   - Local:        http://localhost:3000
   - Network:      http://192.168.86.61:3000

 ✓ Starting...
[Error: "next start" does not work with "output: export" configuration. Use "npx serve@latest out" instead.]
error Command failed with exit code 1.
info Visit https://yarnpkg.com/en/docs/cli/run for documentation about this command.
error Command failed.
Exit code: 1
Command: /Users/salamy/.volta/tools/image/node/18.19.0/bin/node
Arguments: /Users/salamy/.volta/tools/image/yarn/1.22.19/lib/cli.js start
Directory: /Users/salamy/workspace/Github/dash5/apps/lrauv-dash2
Output:

info Visit https://yarnpkg.com/en/docs/cli/workspace for documentation about this command.
yarn workspace v1.22.19
yarn run v1.22.19
$ next start
   ▲ Next.js 15.2.3
   - Local:        http://localhost:3000
   - Network:      http://192.168.86.61:3000

 ✓ Starting...
[Error: "next start" does not work with "output: export" configuration. Use "npx serve@latest out" instead.]
error Command failed with exit code 1.
info Visit https://yarnpkg.com/en/docs/cli/run for documentation about this command.
error Command failed.
Exit code: 1
Command: /Users/salamy/.volta/tools/image/node/18.19.0/bin/node
Arguments: /Users/salamy/.volta/tools/image/yarn/1.22.19/lib/cli.js start
Directory: /Users/salamy/workspace/Github/dash5/apps/lrauv-dash2
Output:

info Visit https://yarnpkg.com/en/docs/cli/workspace for documentation about this command.
yarn workspace v1.22.19
yarn run v1.22.19
$ next start
   ▲ Next.js 15.2.3
   - Local:        http://localhost:3000
   - Network:      http://192.168.86.61:3000

 ✓ Starting...
[Error: "next start" does not work with "output: export" configuration. Use "npx serve@latest out" instead.]
error Command failed with exit code 1.
info Visit https://yarnpkg.com/en/docs/cli/run for documentation about this command.
error Command failed.
Exit code: 1
Command: /Users/salamy/.volta/tools/image/node/18.19.0/bin/node
Arguments: /Users/salamy/.volta/tools/image/yarn/1.22.19/lib/cli.js start
Directory: /Users/salamy/workspace/Github/dash5/apps/lrauv-dash2
Output:

info Visit https://yarnpkg.com/en/docs/cli/workspace for documentation about this command.
yarn workspace v1.22.19
yarn run v1.22.19
$ next start
   ▲ Next.js 15.2.3
   - Local:        http://localhost:3000
   - Network:      http://192.168.86.61:3000

 ✓ Starting...
[Error: "next start" does not work with "output: export" configuration. Use "npx serve@latest out" instead.]
error Command failed with exit code 1.
info Visit https://yarnpkg.com/en/docs/cli/run for documentation about this command.
error Command failed.
Exit code: 1
Command: /Users/salamy/.volta/tools/image/node/18.19.0/bin/node
Arguments: /Users/salamy/.volta/tools/image/yarn/1.22.19/lib/cli.js start
Directory: /Users/salamy/workspace/Github/dash5/apps/lrauv-dash2
Output:

info Visit https://yarnpkg.com/en/docs/cli/workspace for documentation about this command.
yarn workspace v1.22.19
yarn run v1.22.19
$ next start
   ▲ Next.js 15.2.3
   - Local:        http://localhost:3000
   - Network:      http://192.168.86.61:3000

 ✓ Starting...
[Error: "next start" does not work with "output: export" configuration. Use "npx serve@latest out" instead.]
error Command failed with exit code 1.
info Visit https://yarnpkg.com/en/docs/cli/run for documentation about this command.
error Command failed.
Exit code: 1
Command: /Users/salamy/.volta/tools/image/node/18.19.0/bin/node
Arguments: /Users/salamy/.volta/tools/image/yarn/1.22.19/lib/cli.js start
Directory: /Users/salamy/workspace/Github/dash5/apps/lrauv-dash2
Output:

info Visit https://yarnpkg.com/en/docs/cli/workspace for documentation about this command.
yarn workspace v1.22.19
yarn run v1.22.19
$ next start
   ▲ Next.js 15.2.3
   - Local:        http://localhost:3000
   - Network:      http://134.89.114.2:3000

 ✓ Starting...
[Error: "next start" does not work with "output: export" configuration. Use "npx serve@latest out" instead.]
error Command failed with exit code 1.
info Visit https://yarnpkg.com/en/docs/cli/run for documentation about this command.
error Command failed.
Exit code: 1
Command: /Users/salamy/.volta/tools/image/node/18.19.0/bin/node
Arguments: /Users/salamy/.volta/tools/image/yarn/1.22.19/lib/cli.js start
Directory: /Users/salamy/workspace/Github/dash5/apps/lrauv-dash2
Output:

info Visit https://yarnpkg.com/en/docs/cli/workspace for documentation about this command.
yarn workspace v1.22.19
yarn run v1.22.19
$ next start
   ▲ Next.js 15.2.3
   - Local:        http://localhost:3000
   - Network:      http://134.89.29.108:3000

 ✓ Starting...
[Error: "next start" does not work with "output: export" configuration. Use "npx serve@latest out" instead.]
error Command failed with exit code 1.
info Visit https://yarnpkg.com/en/docs/cli/run for documentation about this command.
error Command failed.
Exit code: 1
Command: /Users/salamy/.volta/tools/image/node/18.19.0/bin/node
Arguments: /Users/salamy/.volta/tools/image/yarn/1.22.19/lib/cli.js start
Directory: /Users/salamy/workspace/Github/dash5/apps/lrauv-dash2
Output:

info Visit https://yarnpkg.com/en/docs/cli/workspace for documentation about this command.
yarn workspace v1.22.19
yarn run v1.22.19
$ next start
   ▲ Next.js 15.2.3
   - Local:        http://localhost:3000
   - Network:      http://192.168.86.20:3000

 ✓ Starting...
[Error: "next start" does not work with "output: export" configuration. Use "npx serve@latest out" instead.]
error Command failed with exit code 1.
info Visit https://yarnpkg.com/en/docs/cli/run for documentation about this command.
error Command failed.
Exit code: 1
Command: /Users/salamy/.volta/tools/image/node/18.19.0/bin/node
Arguments: /Users/salamy/.volta/tools/image/yarn/1.22.19/lib/cli.js start
Directory: /Users/salamy/workspace/Github/dash5/apps/lrauv-dash2
Output:

info Visit https://yarnpkg.com/en/docs/cli/workspace for documentation about this command.
yarn workspace v1.22.19
yarn run v1.22.19
$ next start
   ▲ Next.js 15.2.3
   - Local:        http://localhost:3000
   - Network:      http://134.89.29.114:3000

 ✓ Starting...
[Error: "next start" does not work with "output: export" configuration. Use "npx serve@latest out" instead.]
error Command failed with exit code 1.
info Visit https://yarnpkg.com/en/docs/cli/run for documentation about this command.
error Command failed.
Exit code: 1
Command: /Users/salamy/.volta/tools/image/node/18.19.0/bin/node
Arguments: /Users/salamy/.volta/tools/image/yarn/1.22.19/lib/cli.js start
Directory: /Users/salamy/workspace/Github/dash5/apps/lrauv-dash2
Output:

info Visit https://yarnpkg.com/en/docs/cli/workspace for documentation about this command.
yarn workspace v1.22.19
yarn run v1.22.19
$ next start
   ▲ Next.js 15.2.3
   - Local:        http://localhost:3000
   - Network:      http://134.89.29.114:3000

 ✓ Starting...
[Error: "next start" does not work with "output: export" configuration. Use "npx serve@latest out" instead.]
error Command failed with exit code 1.
info Visit https://yarnpkg.com/en/docs/cli/run for documentation about this command.
error Command failed.
Exit code: 1
Command: /Users/salamy/.volta/tools/image/node/18.19.0/bin/node
Arguments: /Users/salamy/.volta/tools/image/yarn/1.22.19/lib/cli.js start
Directory: /Users/salamy/workspace/Github/dash5/apps/lrauv-dash2
Output:

info Visit https://yarnpkg.com/en/docs/cli/workspace for documentation about this command.
yarn workspace v1.22.19
yarn run v1.22.19
$ next start
   ▲ Next.js 15.2.3
   - Local:        http://localhost:3000
   - Network:      http://134.89.29.119:3000

 ✓ Starting...
[Error: "next start" does not work with "output: export" configuration. Use "npx serve@latest out" instead.]
error Command failed with exit code 1.
info Visit https://yarnpkg.com/en/docs/cli/run for documentation about this command.
error Command failed.
Exit code: 1
Command: /Users/salamy/.volta/tools/image/node/18.19.0/bin/node
Arguments: /Users/salamy/.volta/tools/image/yarn/1.22.19/lib/cli.js start
Directory: /Users/salamy/workspace/Github/dash5/apps/lrauv-dash2
Output:

info Visit https://yarnpkg.com/en/docs/cli/workspace for documentation about this command.
yarn workspace v1.22.19
yarn run v1.22.19
$ next start
   ▲ Next.js 15.2.3
   - Local:        http://localhost:3000
   - Network:      http://192.168.86.37:3000

 ✓ Starting...
[Error: "next start" does not work with "output: export" configuration. Use "npx serve@latest out" instead.]
error Command failed with exit code 1.
info Visit https://yarnpkg.com/en/docs/cli/run for documentation about this command.
error Command failed.
Exit code: 1
Command: /Users/salamy/.volta/tools/image/node/18.19.0/bin/node
Arguments: /Users/salamy/.volta/tools/image/yarn/1.22.19/lib/cli.js start
Directory: /Users/salamy/workspace/Github/dash5/apps/lrauv-dash2
Output:

info Visit https://yarnpkg.com/en/docs/cli/workspace for documentation about this command.
yarn workspace v1.22.19
yarn run v1.22.19
$ next start
   ▲ Next.js 15.2.3
   - Local:        http://localhost:3000
   - Network:      http://192.168.86.37:3000

 ✓ Starting...
[Error: "next start" does not work with "output: export" configuration. Use "npx serve@latest out" instead.]
error Command failed with exit code 1.
info Visit https://yarnpkg.com/en/docs/cli/run for documentation about this command.
error Command failed.
Exit code: 1
Command: /Users/salamy/.volta/tools/image/node/18.19.0/bin/node
Arguments: /Users/salamy/.volta/tools/image/yarn/1.22.19/lib/cli.js start
Directory: /Users/salamy/workspace/Github/dash5/apps/lrauv-dash2
Output:

info Visit https://yarnpkg.com/en/docs/cli/workspace for documentation about this command.
yarn workspace v1.22.19
yarn run v1.22.19
$ next start
   ▲ Next.js 15.2.3
   - Local:        http://localhost:3000
   - Network:      http://192.168.86.37:3000

 ✓ Starting...
[Error: "next start" does not work with "output: export" configuration. Use "npx serve@latest out" instead.]
error Command failed with exit code 1.
info Visit https://yarnpkg.com/en/docs/cli/run for documentation about this command.
error Command failed.
Exit code: 1
Command: /Users/salamy/.volta/tools/image/node/18.19.0/bin/node
Arguments: /Users/salamy/.volta/tools/image/yarn/1.22.19/lib/cli.js start
Directory: /Users/salamy/workspace/Github/dash5/apps/lrauv-dash2
Output:

info Visit https://yarnpkg.com/en/docs/cli/workspace for documentation about this command.
yarn workspace v1.22.19
yarn run v1.22.19
$ next start
   ▲ Next.js 15.2.3
   - Local:        http://localhost:3000
   - Network:      http://134.89.29.119:3000

 ✓ Starting...
[Error: "next start" does not work with "output: export" configuration. Use "npx serve@latest out" instead.]
error Command failed with exit code 1.
info Visit https://yarnpkg.com/en/docs/cli/run for documentation about this command.
error Command failed.
Exit code: 1
Command: /Users/salamy/.volta/tools/image/node/18.19.0/bin/node
Arguments: /Users/salamy/.volta/tools/image/yarn/1.22.19/lib/cli.js start
Directory: /Users/salamy/workspace/Github/dash5/apps/lrauv-dash2
Output:

info Visit https://yarnpkg.com/en/docs/cli/workspace for documentation about this command.
yarn workspace v1.22.19
yarn run v1.22.19
$ next start
   ▲ Next.js 15.2.3
   - Local:        http://localhost:3000
   - Network:      http://134.89.29.119:3000

 ✓ Starting...
[Error: "next start" does not work with "output: export" configuration. Use "npx serve@latest out" instead.]
error Command failed with exit code 1.
info Visit https://yarnpkg.com/en/docs/cli/run for documentation about this command.
error Command failed.
Exit code: 1
Command: /Users/salamy/.volta/tools/image/node/18.19.0/bin/node
Arguments: /Users/salamy/.volta/tools/image/yarn/1.22.19/lib/cli.js start
Directory: /Users/salamy/workspace/Github/dash5/apps/lrauv-dash2
Output:

info Visit https://yarnpkg.com/en/docs/cli/workspace for documentation about this command.
yarn workspace v1.22.19
yarn run v1.22.19
$ next start
   ▲ Next.js 15.2.3
   - Local:        http://localhost:3000
   - Network:      http://134.89.29.119:3000

 ✓ Starting...
[Error: "next start" does not work with "output: export" configuration. Use "npx serve@latest out" instead.]
error Command failed with exit code 1.
info Visit https://yarnpkg.com/en/docs/cli/run for documentation about this command.
error Command failed.
Exit code: 1
Command: /Users/salamy/.volta/tools/image/node/18.19.0/bin/node
Arguments: /Users/salamy/.volta/tools/image/yarn/1.22.19/lib/cli.js start
Directory: /Users/salamy/workspace/Github/dash5/apps/lrauv-dash2
Output:

info Visit https://yarnpkg.com/en/docs/cli/workspace for documentation about this command.
yarn workspace v1.22.19
yarn run v1.22.19
$ next start
   ▲ Next.js 15.2.3
   - Local:        http://localhost:3000
   - Network:      http://134.89.29.119:3000

 ✓ Starting...
[Error: "next start" does not work with "output: export" configuration. Use "npx serve@latest out" instead.]
error Command failed with exit code 1.
info Visit https://yarnpkg.com/en/docs/cli/run for documentation about this command.
error Command failed.
Exit code: 1
Command: /Users/salamy/.volta/tools/image/node/18.19.0/bin/node
Arguments: /Users/salamy/.volta/tools/image/yarn/1.22.19/lib/cli.js start
Directory: /Users/salamy/workspace/Github/dash5/apps/lrauv-dash2
Output:

info Visit https://yarnpkg.com/en/docs/cli/workspace for documentation about this command.
yarn workspace v1.22.19
yarn run v1.22.19
$ next start
   ▲ Next.js 15.2.3
   - Local:        http://localhost:3000
   - Network:      http://134.89.29.119:3000

 ✓ Starting...
[Error: "next start" does not work with "output: export" configuration. Use "npx serve@latest out" instead.]
error Command failed with exit code 1.
info Visit https://yarnpkg.com/en/docs/cli/run for documentation about this command.
error Command failed.
Exit code: 1
Command: /Users/salamy/.volta/tools/image/node/18.19.0/bin/node
Arguments: /Users/salamy/.volta/tools/image/yarn/1.22.19/lib/cli.js start
Directory: /Users/salamy/workspace/Github/dash5/apps/lrauv-dash2
Output:

info Visit https://yarnpkg.com/en/docs/cli/workspace for documentation about this command.
yarn workspace v1.22.19
yarn run v1.22.19
$ next start
   ▲ Next.js 15.2.3
   - Local:        http://localhost:3000
   - Network:      http://192.168.86.37:3000

 ✓ Starting...
[Error: "next start" does not work with "output: export" configuration. Use "npx serve@latest out" instead.]
error Command failed with exit code 1.
info Visit https://yarnpkg.com/en/docs/cli/run for documentation about this command.
error Command failed.
Exit code: 1
Command: /Users/salamy/.volta/tools/image/node/18.19.0/bin/node
Arguments: /Users/salamy/.volta/tools/image/yarn/1.22.19/lib/cli.js start
Directory: /Users/salamy/workspace/Github/dash5/apps/lrauv-dash2
Output:

info Visit https://yarnpkg.com/en/docs/cli/workspace for documentation about this command.
yarn workspace v1.22.19
yarn run v1.22.19
$ next start
   ▲ Next.js 15.2.3
   - Local:        http://localhost:3000
   - Network:      http://192.168.86.37:3000

 ✓ Starting...
[Error: "next start" does not work with "output: export" configuration. Use "npx serve@latest out" instead.]
error Command failed with exit code 1.
info Visit https://yarnpkg.com/en/docs/cli/run for documentation about this command.
error Command failed.
Exit code: 1
Command: /Users/salamy/.volta/tools/image/node/18.19.0/bin/node
Arguments: /Users/salamy/.volta/tools/image/yarn/1.22.19/lib/cli.js start
Directory: /Users/salamy/workspace/Github/dash5/apps/lrauv-dash2
Output:

info Visit https://yarnpkg.com/en/docs/cli/workspace for documentation about this command.
yarn workspace v1.22.19
yarn run v1.22.19
$ next start
   ▲ Next.js 15.2.3
   - Local:        http://localhost:3000
   - Network:      http://192.168.86.37:3000

 ✓ Starting...
[Error: "next start" does not work with "output: export" configuration. Use "npx serve@latest out" instead.]
error Command failed with exit code 1.
info Visit https://yarnpkg.com/en/docs/cli/run for documentation about this command.
error Command failed.
Exit code: 1
Command: /Users/salamy/.volta/tools/image/node/18.19.0/bin/node
Arguments: /Users/salamy/.volta/tools/image/yarn/1.22.19/lib/cli.js start
Directory: /Users/salamy/workspace/Github/dash5/apps/lrauv-dash2
Output:

info Visit https://yarnpkg.com/en/docs/cli/workspace for documentation about this command.
